<?xml version="1.0" encoding="UTF-8"?>
<!-- Generated by org.testng.reporters.JUnitXMLReporter -->
<testsuite ignored="0" hostname="UDI-D5MNN33" failures="0" tests="4" name="Dependency Test" time="0.009" errors="0" timestamp="2021-11-14T23:00:55 BRT">
  <testcase classname="testNGLearning.TestCase3" name="doRegister" time="0.0"/>
  <testcase classname="testNGLearning.TestCase3" name="doLogin" time="0.001"/>
  <testcase classname="testNGLearning.TestCase3" name="thirdTest" time="0.001"/>
  <testcase classname="testNGLearning.TestCase3" name="forthTest" time="0.0"/>
</testsuite> <!-- Dependency Test -->
